[INFO] Scanning for projects...
[INFO] 
[INFO] ---------------------< Hospital:Hospisync-backend >---------------------
[INFO] Building Hospisync-backend 0.0.1-SNAPSHOT
[INFO]   from pom.xml
[INFO] --------------------------------[ jar ]---------------------------------
[INFO] 
[INFO] --- clean:3.3.2:clean (default-clean) @ Hospisync-backend ---
[INFO] Deleting D:\Porject using antigravity\Hospisync-backend\Hospisync-backend\target
[INFO] ------------------------------------------------------------------------
[INFO] BUILD FAILURE
[INFO] ------------------------------------------------------------------------
[INFO] Total time:  2.964 s
[INFO] Finished at: 2026-03-22T18:00:49+05:30
[INFO] ------------------------------------------------------------------------
[ERROR] Failed to execute goal org.apache.maven.plugins:maven-clean-plugin:3.3.2:clean (default-clean) on project Hospisync-backend: Failed to clean project: Failed to delete D:\Porject using antigravity\Hospisync-backend\Hospisync-backend\target\Hospisync-backend-0.0.1-SNAPSHOT.jar -> [Help 1]
[ERROR] 
[ERROR] To see the full stack trace of the errors, re-run Maven with the -e switch.
[ERROR] Re-run Maven using the -X switch to enable full debug logging.
[ERROR] 
[ERROR] For more information about the errors and possible solutions, please read the following articles:
[ERROR] [Help 1] http://cwiki.apache.org/confluence/display/MAVEN/MojoExecutionException
